12/29/2023 09:02:59 PM - ERROR - missing model name or type
12/29/2023 09:03:01 PM - ERROR - project with name [fresh_new] exists
12/29/2023 09:03:04 PM - ERROR - tool is not operational
12/29/2023 09:03:06 PM - ERROR - missing model name or type
12/29/2023 09:03:56 PM - ERROR - missing model name or type
12/29/2023 09:03:57 PM - ERROR - project with name [fresh_new] exists
12/29/2023 09:03:59 PM - INFO - gen pro latest_pro done
12/29/2023 09:04:00 PM - ERROR - tool is not operational
12/29/2023 09:04:02 PM - ERROR - missing model name or type
12/29/2023 09:04:52 PM - ERROR - missing model name or type
12/29/2023 09:04:53 PM - ERROR - project with name [fresh_new] exists
12/29/2023 09:04:55 PM - INFO - gen pro latest_pro done
12/29/2023 09:04:57 PM - ERROR - tool is not operational
12/29/2023 09:04:58 PM - ERROR - missing model name or type
12/29/2023 09:10:04 PM - ERROR - missing model name or type
12/29/2023 09:10:06 PM - ERROR - project with name [fresh_new] exists
12/29/2023 09:10:07 PM - INFO - gen pro latest_pro done
12/29/2023 09:10:09 PM - ERROR - tool is not operational
12/29/2023 09:10:10 PM - ERROR - missing model name or type
06/11/2024 06:04:42 PM - INFO - generation latest_pro done
06/11/2024 06:04:43 PM - ERROR - tool is not operational
06/11/2024 06:25:40 PM - INFO - generation latest_pro done
06/11/2024 06:25:41 PM - ERROR - tool is not operational
